** Warning: (vlib-34) Library already exists at "questa_lib/work".
Errors: 0, Warnings: 1
** Warning: (vlib-34) Library already exists at "questa_lib/msim".
Errors: 0, Warnings: 1
** Warning: (vlib-34) Library already exists at "questa_lib/msim/xil_defaultlib".
Errors: 0, Warnings: 1
QuestaSim-64 vmap 2021.2_1 Lib Mapping Utility 2021.05 May 15 2021
vmap xil_defaultlib questa_lib/msim/xil_defaultlib 
Modifying modelsim.ini
QuestaSim-64 vlog 2021.2_1 Compiler 2021.05 May 15 2021
Start time: 13:46:36 on Nov 09,2023
vlog -64 -incr -mfcu -work xil_defaultlib ../../../../lsu.srcs/sources_1/new/rv32_dcache.v ../../../../lsu.srcs/sources_1/new/rv32_dmem.v ../../../../lsu.srcs/sources_1/new/rv32_lsu2.v ../../../../lsu.srcs/sources_1/new/top.v 
-- Compiling module rv32_dcache
-- Compiling module rv32_dmem
-- Skipping module rv32_lsu2
-- Compiling module top

Top level modules:
	top
End time: 13:46:37 on Nov 09,2023, Elapsed time: 0:00:01
Errors: 0, Warnings: 0
QuestaSim-64 vlog 2021.2_1 Compiler 2021.05 May 15 2021
Start time: 13:46:37 on Nov 09,2023
vlog -64 -incr -mfcu -sv -work xil_defaultlib ../../../../lsu.srcs/sim_1/new/tb.sv 
-- Skipping module tb

Top level modules:
	tb
End time: 13:46:37 on Nov 09,2023, Elapsed time: 0:00:00
Errors: 0, Warnings: 0
