QuestaSim-64 vopt 2021.2_1 Compiler 2021.05 May 15 2021
Start time: 15:34:47 on Nov 08,2023
vopt "+acc=npr" -suppress 10016 -debugdb -L xil_defaultlib -L unisims_ver -L unimacro_ver -L secureip -work xil_defaultlib xil_defaultlib.tb -o tb_opt 

Top level modules:
	tb

Analyzing design...
-- Loading module tb
-- Loading module top
-- Loading module rv32_lsu2
-- Loading module rv32_dmem
Optimizing 4 design-units (inlining 0/4 module instances):
-- Optimizing module rv32_lsu2(fast)
-- Processing module rv32_lsu2(fast) for debug
-- Optimizing module rv32_dmem(fast)
-- Processing module rv32_dmem(fast) for debug
-- Optimizing module tb(fast)
-- Processing module tb(fast) for debug
-- Optimizing module top(fast)
-- Processing module top(fast) for debug
Optimized design name is tb_opt
End time: 15:34:49 on Nov 08,2023, Elapsed time: 0:00:02
Errors: 0, Warnings: 0
