#-----------------------------------------------------------
# Vivado v2022.2 (64-bit)
# SW Build 3671981 on Fri Oct 14 04:59:54 MDT 2022
# IP Build 3669848 on Fri Oct 14 08:30:02 MDT 2022
# Start of session at: Tue Oct 17 11:25:57 2023
# Process ID: 88853
# Current directory: /home/binhkieudo/Workspace/RVSecNoC/neorv32_verilog/neorv32
# Command line: vivado ./neorv32.xpr
# Log file: /home/binhkieudo/Workspace/RVSecNoC/neorv32_verilog/neorv32/vivado.log
# Journal file: /home/binhkieudo/Workspace/RVSecNoC/neorv32_verilog/neorv32/vivado.jou
# Running On: binhkieudo, OS: Linux, CPU Frequency: 3300.000 MHz, CPU Physical cores: 10, Host memory: 134739 MB
#-----------------------------------------------------------
start_gui
open_project ./neorv32.xpr
WARNING: [Board 49-26] cannot add Board Part xilinx.com:vek280_es:part0:1.0 available at /tools/Xilinx/Vivado/2022.2/data/xhub/boards/XilinxBoardStore/boards/Xilinx/vek280/es/1.0/board.xml as part xcve2802-vsvh1760-2lp-e-s-es1 specified in board_part file is either invalid or not available
WARNING: [Board 49-26] cannot add Board Part xilinx.com:vhk158_es:part0:1.0 available at /tools/Xilinx/Vivado/2022.2/data/xhub/boards/XilinxBoardStore/boards/Xilinx/vhk158/es/1.0/board.xml as part xcvh1582-vsva3697-2mp-e-s-es1 specified in board_part file is either invalid or not available
WARNING: [Board 49-26] cannot add Board Part xilinx.com:vpk120_es:part0:1.2 available at /tools/Xilinx/Vivado/2022.2/data/xhub/boards/XilinxBoardStore/boards/Xilinx/vpk120/es/1.2/board.xml as part xcvp1202-vsva2785-2mp-e-s-es1 specified in board_part file is either invalid or not available
WARNING: [Board 49-26] cannot add Board Part xilinx.com:vpk120_es_revb:part0:1.0 available at /tools/Xilinx/Vivado/2022.2/data/xhub/boards/XilinxBoardStore/boards/Xilinx/vpk120_revb/es/1.0/board.xml as part xcvp1202-vsva2785-2mp-e-s-es1 specified in board_part file is either invalid or not available
WARNING: [Board 49-26] cannot add Board Part xilinx.com:vpk180_es:part0:1.0 available at /tools/Xilinx/Vivado/2022.2/data/xhub/boards/XilinxBoardStore/boards/Xilinx/vpk180/es/1.0/board.xml as part xcvp1802-lsvc4072-2mp-e-s-es1 specified in board_part file is either invalid or not available
WARNING: [Board 49-26] cannot add Board Part xilinx.com:zcu208ld:part0:2.0 available at /tools/Xilinx/Vivado/2022.2/data/xhub/boards/XilinxBoardStore/boards/Xilinx/zcu208ld/production/2.0/board.xml as part xczu58dr-fsvg1517-2-i specified in board_part file is either invalid or not available
WARNING: [Board 49-26] cannot add Board Part xilinx.com:zcu216ld:part0:2.0 available at /tools/Xilinx/Vivado/2022.2/data/xhub/boards/XilinxBoardStore/boards/Xilinx/zcu216ld/production/2.0/board.xml as part xczu59dr-ffvf1760-2-i specified in board_part file is either invalid or not available
WARNING: [Board 49-26] cannot add Board Part xilinx.com:zcu670:part0:2.0 available at /tools/Xilinx/Vivado/2022.2/data/xhub/boards/XilinxBoardStore/boards/Xilinx/zcu670/2.0/board.xml as part xczu67dr-fsve1156-2-i specified in board_part file is either invalid or not available
WARNING: [Board 49-26] cannot add Board Part xilinx.com:zcu670ld:part0:1.0 available at /tools/Xilinx/Vivado/2022.2/data/xhub/boards/XilinxBoardStore/boards/Xilinx/zcu670ld/1.0/board.xml as part xczu57dr-fsve1156-2-i specified in board_part file is either invalid or not available
INFO: [filemgmt 56-3] Default IP Output Path : Could not find the directory '/home/binhkieudo/Workspace/RVSecNoC/neorv32_verilog/neorv32/neorv32.gen/sources_1'.
Scanning sources...
Finished scanning sources
INFO: [IP_Flow 19-234] Refreshing IP repositories
INFO: [IP_Flow 19-1704] No user IP repositories specified
INFO: [IP_Flow 19-2313] Loaded Vivado IP repository '/tools/Xilinx/Vivado/2022.2/data/ip'.
open_project: Time (s): cpu = 00:00:20 ; elapsed = 00:00:06 . Memory (MB): peak = 7340.387 ; gain = 256.297 ; free physical = 115766 ; free virtual = 124665
update_compile_order -fileset sources_1
reset_run synth_1
INFO: [Project 1-1161] Replacing file /home/binhkieudo/Workspace/RVSecNoC/neorv32_verilog/neorv32/neorv32.srcs/utils_1/imports/synth_1/neorv32_cpu_regfile.dcp with file /home/binhkieudo/Workspace/RVSecNoC/neorv32_verilog/neorv32/neorv32.runs/synth_1/rv32_cpu.dcp
launch_runs synth_1 -jobs 20
[Tue Oct 17 11:28:46 2023] Launched synth_1...
Run output will be captured here: /home/binhkieudo/Workspace/RVSecNoC/neorv32_verilog/neorv32/neorv32.runs/synth_1/runme.log
reset_run synth_1
INFO: [Project 1-1161] Replacing file /home/binhkieudo/Workspace/RVSecNoC/neorv32_verilog/neorv32/neorv32.srcs/utils_1/imports/synth_1/neorv32_cpu_regfile.dcp with file /home/binhkieudo/Workspace/RVSecNoC/neorv32_verilog/neorv32/neorv32.runs/synth_1/rv32_cpu.dcp
launch_runs synth_1 -jobs 20
[Tue Oct 17 11:35:45 2023] Launched synth_1...
Run output will be captured here: /home/binhkieudo/Workspace/RVSecNoC/neorv32_verilog/neorv32/neorv32.runs/synth_1/runme.log
reset_run synth_1
INFO: [Project 1-1161] Replacing file /home/binhkieudo/Workspace/RVSecNoC/neorv32_verilog/neorv32/neorv32.srcs/utils_1/imports/synth_1/neorv32_cpu_regfile.dcp with file /home/binhkieudo/Workspace/RVSecNoC/neorv32_verilog/neorv32/neorv32.runs/synth_1/rv32_cpu.dcp
launch_runs synth_1 -jobs 20
CRITICAL WARNING: [HDL 9-1206] Syntax error near '(*' [/home/binhkieudo/Workspace/RVSecNoC/neorv32_verilog/neorv32/neorv32.srcs/sources_1/new/rv32_cpu_cp_mul_dsp.v:57]
[Tue Oct 17 11:37:00 2023] Launched synth_1...
Run output will be captured here: /home/binhkieudo/Workspace/RVSecNoC/neorv32_verilog/neorv32/neorv32.runs/synth_1/runme.log
reset_run synth_1
launch_runs synth_1 -jobs 20
[Tue Oct 17 11:37:18 2023] Launched synth_1...
Run output will be captured here: /home/binhkieudo/Workspace/RVSecNoC/neorv32_verilog/neorv32/neorv32.runs/synth_1/runme.log
reset_run synth_1
INFO: [Project 1-1161] Replacing file /home/binhkieudo/Workspace/RVSecNoC/neorv32_verilog/neorv32/neorv32.srcs/utils_1/imports/synth_1/neorv32_cpu_regfile.dcp with file /home/binhkieudo/Workspace/RVSecNoC/neorv32_verilog/neorv32/neorv32.runs/synth_1/rv32_cpu.dcp
launch_runs synth_1 -jobs 20
[Tue Oct 17 11:40:27 2023] Launched synth_1...
Run output will be captured here: /home/binhkieudo/Workspace/RVSecNoC/neorv32_verilog/neorv32/neorv32.runs/synth_1/runme.log
open_run synth_1 -name synth_1
Design is defaulting to impl run constrset: constrs_1
Design is defaulting to synth run part: xc7vx485tffg1761-2
INFO: [Device 21-403] Loading part xc7vx485tffg1761-2
Netlist sorting complete. Time (s): cpu = 00:00:00.01 ; elapsed = 00:00:00.02 . Memory (MB): peak = 7981.004 ; gain = 0.000 ; free physical = 114259 ; free virtual = 123257
INFO: [Netlist 29-17] Analyzing 129 Unisim elements for replacement
INFO: [Netlist 29-28] Unisim Transformation completed in 0 CPU seconds
INFO: [Project 1-479] Netlist was created with Vivado 2022.2
INFO: [Project 1-570] Preparing netlist for logic optimization
INFO: [Opt 31-138] Pushed 0 inverter(s) to 0 load pin(s).
Netlist sorting complete. Time (s): cpu = 00:00:00 ; elapsed = 00:00:00 . Memory (MB): peak = 8119.688 ; gain = 0.000 ; free physical = 114493 ; free virtual = 123481
INFO: [Project 1-111] Unisim Transformation Summary:
  A total of 38 instances were transformed.
  RAM32M => RAM32M (RAMD32(x6), RAMS32(x2)): 6 instances
  RAM32X1D => RAM32X1D (RAMD32(x2)): 32 instances

open_run: Time (s): cpu = 00:00:24 ; elapsed = 00:00:14 . Memory (MB): peak = 8350.387 ; gain = 786.766 ; free physical = 114357 ; free virtual = 123337
report_utilization -name utilization_1
close_design
reset_run synth_1
INFO: [Project 1-1161] Replacing file /home/binhkieudo/Workspace/RVSecNoC/neorv32_verilog/neorv32/neorv32.srcs/utils_1/imports/synth_1/neorv32_cpu_regfile.dcp with file /home/binhkieudo/Workspace/RVSecNoC/neorv32_verilog/neorv32/neorv32.runs/synth_1/rv32_cpu.dcp
launch_runs synth_1 -jobs 20
[Tue Oct 17 12:28:17 2023] Launched synth_1...
Run output will be captured here: /home/binhkieudo/Workspace/RVSecNoC/neorv32_verilog/neorv32/neorv32.runs/synth_1/runme.log
reset_run synth_1
INFO: [Project 1-1161] Replacing file /home/binhkieudo/Workspace/RVSecNoC/neorv32_verilog/neorv32/neorv32.srcs/utils_1/imports/synth_1/neorv32_cpu_regfile.dcp with file /home/binhkieudo/Workspace/RVSecNoC/neorv32_verilog/neorv32/neorv32.runs/synth_1/rv32_cpu.dcp
launch_runs synth_1 -jobs 20
[Tue Oct 17 12:30:11 2023] Launched synth_1...
Run output will be captured here: /home/binhkieudo/Workspace/RVSecNoC/neorv32_verilog/neorv32/neorv32.runs/synth_1/runme.log
reset_run synth_1
INFO: [Project 1-1161] Replacing file /home/binhkieudo/Workspace/RVSecNoC/neorv32_verilog/neorv32/neorv32.srcs/utils_1/imports/synth_1/neorv32_cpu_regfile.dcp with file /home/binhkieudo/Workspace/RVSecNoC/neorv32_verilog/neorv32/neorv32.runs/synth_1/rv32_cpu.dcp
launch_runs synth_1 -jobs 20
[Tue Oct 17 12:31:15 2023] Launched synth_1...
Run output will be captured here: /home/binhkieudo/Workspace/RVSecNoC/neorv32_verilog/neorv32/neorv32.runs/synth_1/runme.log
reset_run synth_1
INFO: [Project 1-1161] Replacing file /home/binhkieudo/Workspace/RVSecNoC/neorv32_verilog/neorv32/neorv32.srcs/utils_1/imports/synth_1/neorv32_cpu_regfile.dcp with file /home/binhkieudo/Workspace/RVSecNoC/neorv32_verilog/neorv32/neorv32.runs/synth_1/rv32_cpu.dcp
launch_runs synth_1 -jobs 20
[Tue Oct 17 12:33:51 2023] Launched synth_1...
Run output will be captured here: /home/binhkieudo/Workspace/RVSecNoC/neorv32_verilog/neorv32/neorv32.runs/synth_1/runme.log
export_ip_user_files -of_objects  [get_files /home/binhkieudo/Workspace/RVSecNoC/neorv32_verilog/neorv32/neorv32.srcs/sources_1/new/rv32_cpu_cp_shifter_fpga.v] -no_script -reset -force -quiet
remove_files  /home/binhkieudo/Workspace/RVSecNoC/neorv32_verilog/neorv32/neorv32.srcs/sources_1/new/rv32_cpu_cp_shifter_fpga.v
file delete -force /home/binhkieudo/Workspace/RVSecNoC/neorv32_verilog/neorv32/neorv32.srcs/sources_1/new/rv32_cpu_cp_shifter_fpga.v
close [ open /home/binhkieudo/Workspace/RVSecNoC/neorv32_verilog/neorv32/neorv32.srcs/sources_1/new/rv32_cpu_pmp.v w ]
add_files /home/binhkieudo/Workspace/RVSecNoC/neorv32_verilog/neorv32/neorv32.srcs/sources_1/new/rv32_cpu_pmp.v
update_compile_order -fileset sources_1
set_property top rv32_cpu_pmp [current_fileset]
update_compile_order -fileset sources_1
reset_run synth_1
INFO: [Project 1-1161] Replacing file /home/binhkieudo/Workspace/RVSecNoC/neorv32_verilog/neorv32/neorv32.srcs/utils_1/imports/synth_1/neorv32_cpu_regfile.dcp with file /home/binhkieudo/Workspace/RVSecNoC/neorv32_verilog/neorv32/neorv32.runs/synth_1/rv32_cpu.dcp
launch_runs synth_1 -jobs 20
[Tue Oct 17 16:04:39 2023] Launched synth_1...
Run output will be captured here: /home/binhkieudo/Workspace/RVSecNoC/neorv32_verilog/neorv32/neorv32.runs/synth_1/runme.log
reset_run synth_1
INFO: [Project 1-1161] Replacing file /home/binhkieudo/Workspace/RVSecNoC/neorv32_verilog/neorv32/neorv32.srcs/utils_1/imports/synth_1/neorv32_cpu_regfile.dcp with file /home/binhkieudo/Workspace/RVSecNoC/neorv32_verilog/neorv32/neorv32.runs/synth_1/rv32_cpu_pmp.dcp
launch_runs synth_1 -jobs 20
[Tue Oct 17 16:39:52 2023] Launched synth_1...
Run output will be captured here: /home/binhkieudo/Workspace/RVSecNoC/neorv32_verilog/neorv32/neorv32.runs/synth_1/runme.log
set_property top rv32_cpu [current_fileset]
update_compile_order -fileset sources_1
reset_run synth_1
INFO: [Project 1-1161] Replacing file /home/binhkieudo/Workspace/RVSecNoC/neorv32_verilog/neorv32/neorv32.srcs/utils_1/imports/synth_1/neorv32_cpu_regfile.dcp with file /home/binhkieudo/Workspace/RVSecNoC/neorv32_verilog/neorv32/neorv32.runs/synth_1/rv32_cpu_pmp.dcp
launch_runs synth_1 -jobs 20
[Tue Oct 17 16:54:28 2023] Launched synth_1...
Run output will be captured here: /home/binhkieudo/Workspace/RVSecNoC/neorv32_verilog/neorv32/neorv32.runs/synth_1/runme.log
reset_run synth_1
INFO: [Project 1-1161] Replacing file /home/binhkieudo/Workspace/RVSecNoC/neorv32_verilog/neorv32/neorv32.srcs/utils_1/imports/synth_1/neorv32_cpu_regfile.dcp with file /home/binhkieudo/Workspace/RVSecNoC/neorv32_verilog/neorv32/neorv32.runs/synth_1/rv32_cpu.dcp
launch_runs synth_1 -jobs 20
[Tue Oct 17 16:57:30 2023] Launched synth_1...
Run output will be captured here: /home/binhkieudo/Workspace/RVSecNoC/neorv32_verilog/neorv32/neorv32.runs/synth_1/runme.log
open_run synth_1 -name synth_1
Design is defaulting to impl run constrset: constrs_1
Design is defaulting to synth run part: xc7vx485tffg1761-2
Netlist sorting complete. Time (s): cpu = 00:00:00.01 ; elapsed = 00:00:00 . Memory (MB): peak = 9572.055 ; gain = 0.000 ; free physical = 113648 ; free virtual = 122876
INFO: [Netlist 29-17] Analyzing 80 Unisim elements for replacement
INFO: [Netlist 29-28] Unisim Transformation completed in 0 CPU seconds
INFO: [Project 1-479] Netlist was created with Vivado 2022.2
INFO: [Project 1-570] Preparing netlist for logic optimization
INFO: [Opt 31-138] Pushed 0 inverter(s) to 0 load pin(s).
Netlist sorting complete. Time (s): cpu = 00:00:00 ; elapsed = 00:00:00 . Memory (MB): peak = 9572.055 ; gain = 0.000 ; free physical = 113574 ; free virtual = 122803
INFO: [Project 1-111] Unisim Transformation Summary:
  A total of 6 instances were transformed.
  RAM32M => RAM32M (RAMD32(x6), RAMS32(x2)): 6 instances

report_utilization -name utilization_1
close_design
reset_run synth_1
INFO: [Project 1-1161] Replacing file /home/binhkieudo/Workspace/RVSecNoC/neorv32_verilog/neorv32/neorv32.srcs/utils_1/imports/synth_1/neorv32_cpu_regfile.dcp with file /home/binhkieudo/Workspace/RVSecNoC/neorv32_verilog/neorv32/neorv32.runs/synth_1/rv32_cpu.dcp
launch_runs synth_1 -jobs 20
[Tue Oct 17 16:59:40 2023] Launched synth_1...
Run output will be captured here: /home/binhkieudo/Workspace/RVSecNoC/neorv32_verilog/neorv32/neorv32.runs/synth_1/runme.log
reset_run synth_1
INFO: [Project 1-1161] Replacing file /home/binhkieudo/Workspace/RVSecNoC/neorv32_verilog/neorv32/neorv32.srcs/utils_1/imports/synth_1/neorv32_cpu_regfile.dcp with file /home/binhkieudo/Workspace/RVSecNoC/neorv32_verilog/neorv32/neorv32.runs/synth_1/rv32_cpu.dcp
launch_runs synth_1 -jobs 20
[Tue Oct 17 17:00:42 2023] Launched synth_1...
Run output will be captured here: /home/binhkieudo/Workspace/RVSecNoC/neorv32_verilog/neorv32/neorv32.runs/synth_1/runme.log
update_compile_order -fileset sources_1
update_compile_order -fileset sources_1
reset_run synth_1
launch_runs synth_1 -jobs 20
[Tue Oct 17 17:04:04 2023] Launched synth_1...
Run output will be captured here: /home/binhkieudo/Workspace/RVSecNoC/neorv32_verilog/neorv32/neorv32.runs/synth_1/runme.log
reset_run synth_1
INFO: [Project 1-1161] Replacing file /home/binhkieudo/Workspace/RVSecNoC/neorv32_verilog/neorv32/neorv32.srcs/utils_1/imports/synth_1/neorv32_cpu_regfile.dcp with file /home/binhkieudo/Workspace/RVSecNoC/neorv32_verilog/neorv32/neorv32.runs/synth_1/rv32_cpu.dcp
launch_runs synth_1 -jobs 20
[Tue Oct 17 17:05:59 2023] Launched synth_1...
Run output will be captured here: /home/binhkieudo/Workspace/RVSecNoC/neorv32_verilog/neorv32/neorv32.runs/synth_1/runme.log
close [ open /home/binhkieudo/Workspace/RVSecNoC/neorv32_verilog/neorv32/neorv32.srcs/sources_1/new/wb_ram.v w ]
add_files /home/binhkieudo/Workspace/RVSecNoC/neorv32_verilog/neorv32/neorv32.srcs/sources_1/new/wb_ram.v
update_compile_order -fileset sources_1
close [ open /home/binhkieudo/Workspace/RVSecNoC/neorv32_verilog/neorv32/neorv32.srcs/sources_1/new/wb_mux.v w ]
add_files /home/binhkieudo/Workspace/RVSecNoC/neorv32_verilog/neorv32/neorv32.srcs/sources_1/new/wb_mux.v
update_compile_order -fileset sources_1
export_ip_user_files -of_objects  [get_files /home/binhkieudo/Workspace/RVSecNoC/neorv32_verilog/neorv32/neorv32.srcs/sources_1/new/wb_mux.v] -no_script -reset -force -quiet
remove_files  /home/binhkieudo/Workspace/RVSecNoC/neorv32_verilog/neorv32/neorv32.srcs/sources_1/new/wb_mux.v
file delete -force /home/binhkieudo/Workspace/RVSecNoC/neorv32_verilog/neorv32/neorv32.srcs/sources_1/new/wb_mux.v
close [ open /home/binhkieudo/Workspace/RVSecNoC/neorv32_verilog/neorv32/neorv32.srcs/sources_1/new/wb_dbus.v w ]
add_files /home/binhkieudo/Workspace/RVSecNoC/neorv32_verilog/neorv32/neorv32.srcs/sources_1/new/wb_dbus.v
update_compile_order -fileset sources_1
close [ open /home/binhkieudo/Workspace/RVSecNoC/neorv32_verilog/neorv32/neorv32.srcs/sources_1/new/system_test.v w ]
add_files /home/binhkieudo/Workspace/RVSecNoC/neorv32_verilog/neorv32/neorv32.srcs/sources_1/new/system_test.v
update_compile_order -fileset sources_1
close [ open /home/binhkieudo/Workspace/RVSecNoC/neorv32_verilog/neorv32/neorv32.srcs/sources_1/new/wb_dpram.v w ]
add_files /home/binhkieudo/Workspace/RVSecNoC/neorv32_verilog/neorv32/neorv32.srcs/sources_1/new/wb_dpram.v
update_compile_order -fileset sources_1
set_property top system_test [current_fileset]
update_compile_order -fileset sources_1
reset_run synth_1
INFO: [Project 1-1161] Replacing file /home/binhkieudo/Workspace/RVSecNoC/neorv32_verilog/neorv32/neorv32.srcs/utils_1/imports/synth_1/neorv32_cpu_regfile.dcp with file /home/binhkieudo/Workspace/RVSecNoC/neorv32_verilog/neorv32/neorv32.runs/synth_1/rv32_cpu.dcp
launch_runs synth_1 -jobs 20
[Tue Oct 17 18:17:34 2023] Launched synth_1...
Run output will be captured here: /home/binhkieudo/Workspace/RVSecNoC/neorv32_verilog/neorv32/neorv32.runs/synth_1/runme.log
reset_run synth_1
INFO: [Project 1-1161] Replacing file /home/binhkieudo/Workspace/RVSecNoC/neorv32_verilog/neorv32/neorv32.srcs/utils_1/imports/synth_1/neorv32_cpu_regfile.dcp with file /home/binhkieudo/Workspace/RVSecNoC/neorv32_verilog/neorv32/neorv32.runs/synth_1/system_test.dcp
launch_runs synth_1 -jobs 20
[Tue Oct 17 18:20:06 2023] Launched synth_1...
Run output will be captured here: /home/binhkieudo/Workspace/RVSecNoC/neorv32_verilog/neorv32/neorv32.runs/synth_1/runme.log
exit
INFO: [Common 17-206] Exiting Vivado at Tue Oct 17 18:23:02 2023...
