
*** Running vivado
    with args -log vio_0.vds -m64 -product Vivado -mode batch -messageDb vivado.pb -notrace -source vio_0.tcl


****** Vivado v2022.2 (64-bit)
  **** SW Build 3671981 on Fri Oct 14 04:59:54 MDT 2022
  **** IP Build 3669848 on Fri Oct 14 08:30:02 MDT 2022
    ** Copyright 1986-2022 Xilinx, Inc. All Rights Reserved.

source vio_0.tcl -notrace
INFO: [IP_Flow 19-6924] IPCACHE: Running cache check for IP inst: vio_0
Command: synth_design -top vio_0 -part xc7vx485tffg1761-2 -incremental_mode off -mode out_of_context
Starting synth_design
Attempting to get a license for feature 'Synthesis' and/or device 'xc7vx485t'
INFO: [Common 17-349] Got license for feature 'Synthesis' and/or device 'xc7vx485t'
INFO: [Device 21-403] Loading part xc7vx485tffg1761-2
INFO: [Synth 8-7079] Multithreading enabled for synth_design using a maximum of 4 processes.
INFO: [Synth 8-7078] Launching helper process for spawning children vivado processes
INFO: [Synth 8-7075] Helper process launched with PID 139194
INFO: [Synth 8-11241] undeclared symbol 'REGCCE', assumed default net type 'wire' [/opt/Xilinx/Vivado/2022.2/data/verilog/src/unimacro/BRAM_SINGLE_MACRO.v:2170]
WARNING: [Synth 8-10515] begin/end is required for generate-for in this mode of Verilog [/home/binhkieudo/Workspace/RVSecNoC/neorv32_verilog/cp_distributor/cp_distributor/cp_distributor.gen/sources_1/ip/vio_0/hdl/vio_v3_0_syn_rfs.v:1365]
---------------------------------------------------------------------------------
Starting RTL Elaboration : Time (s): cpu = 00:00:04 ; elapsed = 00:00:04 . Memory (MB): peak = 2900.656 ; gain = 377.770 ; free physical = 4031 ; free virtual = 83955
Synthesis current peak Physical Memory [PSS] (MB): peak = 2322.591; parent = 2114.565; children = 208.025
Synthesis current peak Virtual Memory [VSS] (MB): peak = 3900.480; parent = 2903.629; children = 996.852
---------------------------------------------------------------------------------
INFO: [Synth 8-6157] synthesizing module 'vio_0' [/home/binhkieudo/Workspace/RVSecNoC/neorv32_verilog/cp_distributor/cp_distributor/cp_distributor.gen/sources_1/ip/vio_0/synth/vio_0.v:49]
INFO: [Synth 8-6155] done synthesizing module 'vio_0' (0#1) [/home/binhkieudo/Workspace/RVSecNoC/neorv32_verilog/cp_distributor/cp_distributor/cp_distributor.gen/sources_1/ip/vio_0/synth/vio_0.v:49]
WARNING: [Synth 8-3848] Net sl_iport0 in module/entity vio_0 does not have driver. [/home/binhkieudo/Workspace/RVSecNoC/neorv32_verilog/cp_distributor/cp_distributor/cp_distributor.gen/sources_1/ip/vio_0/synth/vio_0.v:90]
WARNING: [Synth 8-7129] Port Bus_rst in module vio_v3_0_23_probe_out_one__parameterized3 is either unconnected or has no load
WARNING: [Synth 8-7129] Port Read in module vio_v3_0_23_probe_out_one__parameterized3 is either unconnected or has no load
WARNING: [Synth 8-7129] Port Bus_Data_in[15] in module vio_v3_0_23_probe_out_one__parameterized3 is either unconnected or has no load
WARNING: [Synth 8-7129] Port Bus_Data_in[14] in module vio_v3_0_23_probe_out_one__parameterized3 is either unconnected or has no load
WARNING: [Synth 8-7129] Port Bus_Data_in[13] in module vio_v3_0_23_probe_out_one__parameterized3 is either unconnected or has no load
WARNING: [Synth 8-7129] Port Bus_Data_in[12] in module vio_v3_0_23_probe_out_one__parameterized3 is either unconnected or has no load
WARNING: [Synth 8-7129] Port Bus_Data_in[11] in module vio_v3_0_23_probe_out_one__parameterized3 is either unconnected or has no load
WARNING: [Synth 8-7129] Port Bus_Data_in[10] in module vio_v3_0_23_probe_out_one__parameterized3 is either unconnected or has no load
WARNING: [Synth 8-7129] Port Bus_Data_in[9] in module vio_v3_0_23_probe_out_one__parameterized3 is either unconnected or has no load
WARNING: [Synth 8-7129] Port Bus_Data_in[8] in module vio_v3_0_23_probe_out_one__parameterized3 is either unconnected or has no load
WARNING: [Synth 8-7129] Port Bus_Data_in[7] in module vio_v3_0_23_probe_out_one__parameterized3 is either unconnected or has no load
WARNING: [Synth 8-7129] Port Bus_Data_in[6] in module vio_v3_0_23_probe_out_one__parameterized3 is either unconnected or has no load
WARNING: [Synth 8-7129] Port Bus_Data_in[5] in module vio_v3_0_23_probe_out_one__parameterized3 is either unconnected or has no load
WARNING: [Synth 8-7129] Port Bus_Data_in[4] in module vio_v3_0_23_probe_out_one__parameterized3 is either unconnected or has no load
WARNING: [Synth 8-7129] Port Bus_Data_in[3] in module vio_v3_0_23_probe_out_one__parameterized3 is either unconnected or has no load
WARNING: [Synth 8-7129] Port Bus_Data_in[2] in module vio_v3_0_23_probe_out_one__parameterized3 is either unconnected or has no load
WARNING: [Synth 8-7129] Port Internal_cnt_rst in module vio_v3_0_23_probe_out_one__parameterized3 is either unconnected or has no load
WARNING: [Synth 8-7129] Port Bus_rst in module vio_v3_0_23_probe_out_one__parameterized2 is either unconnected or has no load
WARNING: [Synth 8-7129] Port Bus_rst in module vio_v3_0_23_probe_out_one__parameterized1 is either unconnected or has no load
WARNING: [Synth 8-7129] Port Bus_rst in module vio_v3_0_23_probe_out_one__parameterized0 is either unconnected or has no load
WARNING: [Synth 8-7129] Port Read in module vio_v3_0_23_probe_out_one__parameterized0 is either unconnected or has no load
WARNING: [Synth 8-7129] Port Bus_Data_in[15] in module vio_v3_0_23_probe_out_one__parameterized0 is either unconnected or has no load
WARNING: [Synth 8-7129] Port Bus_Data_in[14] in module vio_v3_0_23_probe_out_one__parameterized0 is either unconnected or has no load
WARNING: [Synth 8-7129] Port Bus_Data_in[13] in module vio_v3_0_23_probe_out_one__parameterized0 is either unconnected or has no load
WARNING: [Synth 8-7129] Port Bus_Data_in[12] in module vio_v3_0_23_probe_out_one__parameterized0 is either unconnected or has no load
WARNING: [Synth 8-7129] Port Internal_cnt_rst in module vio_v3_0_23_probe_out_one__parameterized0 is either unconnected or has no load
WARNING: [Synth 8-7129] Port Bus_rst in module vio_v3_0_23_probe_out_one is either unconnected or has no load
WARNING: [Synth 8-7129] Port Read in module vio_v3_0_23_probe_out_one is either unconnected or has no load
WARNING: [Synth 8-7129] Port Bus_Data_in[15] in module vio_v3_0_23_probe_out_one is either unconnected or has no load
WARNING: [Synth 8-7129] Port Bus_Data_in[14] in module vio_v3_0_23_probe_out_one is either unconnected or has no load
WARNING: [Synth 8-7129] Port Bus_Data_in[13] in module vio_v3_0_23_probe_out_one is either unconnected or has no load
WARNING: [Synth 8-7129] Port Bus_Data_in[12] in module vio_v3_0_23_probe_out_one is either unconnected or has no load
WARNING: [Synth 8-7129] Port Bus_Data_in[11] in module vio_v3_0_23_probe_out_one is either unconnected or has no load
WARNING: [Synth 8-7129] Port Bus_Data_in[10] in module vio_v3_0_23_probe_out_one is either unconnected or has no load
WARNING: [Synth 8-7129] Port Bus_Data_in[9] in module vio_v3_0_23_probe_out_one is either unconnected or has no load
WARNING: [Synth 8-7129] Port Bus_Data_in[8] in module vio_v3_0_23_probe_out_one is either unconnected or has no load
WARNING: [Synth 8-7129] Port Bus_Data_in[7] in module vio_v3_0_23_probe_out_one is either unconnected or has no load
WARNING: [Synth 8-7129] Port Bus_Data_in[6] in module vio_v3_0_23_probe_out_one is either unconnected or has no load
WARNING: [Synth 8-7129] Port Bus_Data_in[5] in module vio_v3_0_23_probe_out_one is either unconnected or has no load
WARNING: [Synth 8-7129] Port Bus_Data_in[4] in module vio_v3_0_23_probe_out_one is either unconnected or has no load
WARNING: [Synth 8-7129] Port Internal_cnt_rst in module vio_v3_0_23_probe_out_one is either unconnected or has no load
WARNING: [Synth 8-7129] Port probe_in7[0] in module vio_v3_0_23_vio is either unconnected or has no load
WARNING: [Synth 8-7129] Port probe_in8[0] in module vio_v3_0_23_vio is either unconnected or has no load
WARNING: [Synth 8-7129] Port probe_in9[0] in module vio_v3_0_23_vio is either unconnected or has no load
WARNING: [Synth 8-7129] Port probe_in10[0] in module vio_v3_0_23_vio is either unconnected or has no load
WARNING: [Synth 8-7129] Port probe_in11[0] in module vio_v3_0_23_vio is either unconnected or has no load
WARNING: [Synth 8-7129] Port probe_in12[0] in module vio_v3_0_23_vio is either unconnected or has no load
WARNING: [Synth 8-7129] Port probe_in13[0] in module vio_v3_0_23_vio is either unconnected or has no load
WARNING: [Synth 8-7129] Port probe_in14[0] in module vio_v3_0_23_vio is either unconnected or has no load
WARNING: [Synth 8-7129] Port probe_in15[0] in module vio_v3_0_23_vio is either unconnected or has no load
WARNING: [Synth 8-7129] Port probe_in16[0] in module vio_v3_0_23_vio is either unconnected or has no load
WARNING: [Synth 8-7129] Port probe_in17[0] in module vio_v3_0_23_vio is either unconnected or has no load
WARNING: [Synth 8-7129] Port probe_in18[0] in module vio_v3_0_23_vio is either unconnected or has no load
WARNING: [Synth 8-7129] Port probe_in19[0] in module vio_v3_0_23_vio is either unconnected or has no load
WARNING: [Synth 8-7129] Port probe_in20[0] in module vio_v3_0_23_vio is either unconnected or has no load
WARNING: [Synth 8-7129] Port probe_in21[0] in module vio_v3_0_23_vio is either unconnected or has no load
WARNING: [Synth 8-7129] Port probe_in22[0] in module vio_v3_0_23_vio is either unconnected or has no load
WARNING: [Synth 8-7129] Port probe_in23[0] in module vio_v3_0_23_vio is either unconnected or has no load
WARNING: [Synth 8-7129] Port probe_in24[0] in module vio_v3_0_23_vio is either unconnected or has no load
WARNING: [Synth 8-7129] Port probe_in25[0] in module vio_v3_0_23_vio is either unconnected or has no load
WARNING: [Synth 8-7129] Port probe_in26[0] in module vio_v3_0_23_vio is either unconnected or has no load
WARNING: [Synth 8-7129] Port probe_in27[0] in module vio_v3_0_23_vio is either unconnected or has no load
WARNING: [Synth 8-7129] Port probe_in28[0] in module vio_v3_0_23_vio is either unconnected or has no load
WARNING: [Synth 8-7129] Port probe_in29[0] in module vio_v3_0_23_vio is either unconnected or has no load
WARNING: [Synth 8-7129] Port probe_in30[0] in module vio_v3_0_23_vio is either unconnected or has no load
WARNING: [Synth 8-7129] Port probe_in31[0] in module vio_v3_0_23_vio is either unconnected or has no load
WARNING: [Synth 8-7129] Port probe_in32[0] in module vio_v3_0_23_vio is either unconnected or has no load
WARNING: [Synth 8-7129] Port probe_in33[0] in module vio_v3_0_23_vio is either unconnected or has no load
WARNING: [Synth 8-7129] Port probe_in34[0] in module vio_v3_0_23_vio is either unconnected or has no load
WARNING: [Synth 8-7129] Port probe_in35[0] in module vio_v3_0_23_vio is either unconnected or has no load
WARNING: [Synth 8-7129] Port probe_in36[0] in module vio_v3_0_23_vio is either unconnected or has no load
WARNING: [Synth 8-7129] Port probe_in37[0] in module vio_v3_0_23_vio is either unconnected or has no load
WARNING: [Synth 8-7129] Port probe_in38[0] in module vio_v3_0_23_vio is either unconnected or has no load
WARNING: [Synth 8-7129] Port probe_in39[0] in module vio_v3_0_23_vio is either unconnected or has no load
WARNING: [Synth 8-7129] Port probe_in40[0] in module vio_v3_0_23_vio is either unconnected or has no load
WARNING: [Synth 8-7129] Port probe_in41[0] in module vio_v3_0_23_vio is either unconnected or has no load
WARNING: [Synth 8-7129] Port probe_in42[0] in module vio_v3_0_23_vio is either unconnected or has no load
WARNING: [Synth 8-7129] Port probe_in43[0] in module vio_v3_0_23_vio is either unconnected or has no load
WARNING: [Synth 8-7129] Port probe_in44[0] in module vio_v3_0_23_vio is either unconnected or has no load
WARNING: [Synth 8-7129] Port probe_in45[0] in module vio_v3_0_23_vio is either unconnected or has no load
WARNING: [Synth 8-7129] Port probe_in46[0] in module vio_v3_0_23_vio is either unconnected or has no load
WARNING: [Synth 8-7129] Port probe_in47[0] in module vio_v3_0_23_vio is either unconnected or has no load
WARNING: [Synth 8-7129] Port probe_in48[0] in module vio_v3_0_23_vio is either unconnected or has no load
WARNING: [Synth 8-7129] Port probe_in49[0] in module vio_v3_0_23_vio is either unconnected or has no load
WARNING: [Synth 8-7129] Port probe_in50[0] in module vio_v3_0_23_vio is either unconnected or has no load
WARNING: [Synth 8-7129] Port probe_in51[0] in module vio_v3_0_23_vio is either unconnected or has no load
WARNING: [Synth 8-7129] Port probe_in52[0] in module vio_v3_0_23_vio is either unconnected or has no load
WARNING: [Synth 8-7129] Port probe_in53[0] in module vio_v3_0_23_vio is either unconnected or has no load
WARNING: [Synth 8-7129] Port probe_in54[0] in module vio_v3_0_23_vio is either unconnected or has no load
WARNING: [Synth 8-7129] Port probe_in55[0] in module vio_v3_0_23_vio is either unconnected or has no load
WARNING: [Synth 8-7129] Port probe_in56[0] in module vio_v3_0_23_vio is either unconnected or has no load
WARNING: [Synth 8-7129] Port probe_in57[0] in module vio_v3_0_23_vio is either unconnected or has no load
WARNING: [Synth 8-7129] Port probe_in58[0] in module vio_v3_0_23_vio is either unconnected or has no load
WARNING: [Synth 8-7129] Port probe_in59[0] in module vio_v3_0_23_vio is either unconnected or has no load
WARNING: [Synth 8-7129] Port probe_in60[0] in module vio_v3_0_23_vio is either unconnected or has no load
WARNING: [Synth 8-7129] Port probe_in61[0] in module vio_v3_0_23_vio is either unconnected or has no load
WARNING: [Synth 8-7129] Port probe_in62[0] in module vio_v3_0_23_vio is either unconnected or has no load
WARNING: [Synth 8-7129] Port probe_in63[0] in module vio_v3_0_23_vio is either unconnected or has no load
WARNING: [Synth 8-7129] Port probe_in64[0] in module vio_v3_0_23_vio is either unconnected or has no load
WARNING: [Synth 8-7129] Port probe_in65[0] in module vio_v3_0_23_vio is either unconnected or has no load
INFO: [Common 17-14] Message 'Synth 8-7129' appears 100 times and further instances of the messages will be disabled. Use the Tcl command set_msg_config to change the current settings.
---------------------------------------------------------------------------------
Finished RTL Elaboration : Time (s): cpu = 00:00:06 ; elapsed = 00:00:06 . Memory (MB): peak = 2986.594 ; gain = 463.707 ; free physical = 4130 ; free virtual = 84045
Synthesis current peak Physical Memory [PSS] (MB): peak = 2322.591; parent = 2114.565; children = 208.025
Synthesis current peak Virtual Memory [VSS] (MB): peak = 3983.449; parent = 2986.598; children = 996.852
---------------------------------------------------------------------------------
---------------------------------------------------------------------------------
Start Handling Custom Attributes
---------------------------------------------------------------------------------
---------------------------------------------------------------------------------
Finished Handling Custom Attributes : Time (s): cpu = 00:00:06 ; elapsed = 00:00:06 . Memory (MB): peak = 3004.406 ; gain = 481.520 ; free physical = 4132 ; free virtual = 84049
Synthesis current peak Physical Memory [PSS] (MB): peak = 2322.591; parent = 2114.565; children = 208.025
Synthesis current peak Virtual Memory [VSS] (MB): peak = 4001.262; parent = 3004.410; children = 996.852
---------------------------------------------------------------------------------
---------------------------------------------------------------------------------
Finished RTL Optimization Phase 1 : Time (s): cpu = 00:00:06 ; elapsed = 00:00:06 . Memory (MB): peak = 3004.406 ; gain = 481.520 ; free physical = 4123 ; free virtual = 84040
Synthesis current peak Physical Memory [PSS] (MB): peak = 2322.591; parent = 2114.565; children = 208.025
Synthesis current peak Virtual Memory [VSS] (MB): peak = 4001.262; parent = 3004.410; children = 996.852
---------------------------------------------------------------------------------
Netlist sorting complete. Time (s): cpu = 00:00:00.02 ; elapsed = 00:00:00.02 . Memory (MB): peak = 3004.406 ; gain = 0.000 ; free physical = 4121 ; free virtual = 84038
INFO: [Project 1-570] Preparing netlist for logic optimization

Processing XDC Constraints
Initializing timing engine
Parsing XDC File [/home/binhkieudo/Workspace/RVSecNoC/neorv32_verilog/cp_distributor/cp_distributor/cp_distributor.gen/sources_1/ip/vio_0/vio_0_ooc.xdc]
Finished Parsing XDC File [/home/binhkieudo/Workspace/RVSecNoC/neorv32_verilog/cp_distributor/cp_distributor/cp_distributor.gen/sources_1/ip/vio_0/vio_0_ooc.xdc]
Parsing XDC File [/home/binhkieudo/Workspace/RVSecNoC/neorv32_verilog/cp_distributor/cp_distributor/cp_distributor.gen/sources_1/ip/vio_0/vio_0.xdc]
Finished Parsing XDC File [/home/binhkieudo/Workspace/RVSecNoC/neorv32_verilog/cp_distributor/cp_distributor/cp_distributor.gen/sources_1/ip/vio_0/vio_0.xdc]
INFO: [Project 1-236] Implementation specific constraints were found while reading constraint file [/home/binhkieudo/Workspace/RVSecNoC/neorv32_verilog/cp_distributor/cp_distributor/cp_distributor.gen/sources_1/ip/vio_0/vio_0.xdc]. These constraints will be ignored for synthesis but will be used in implementation. Impacted constraints are listed in the file [.Xil/vio_0_propImpl.xdc].
Resolution: To avoid this warning, move constraints listed in [.Xil/vio_0_propImpl.xdc] to another XDC file and exclude this new file from synthesis with the used_in_synthesis property (File Properties dialog in GUI) and re-run elaboration/synthesis.
Completed Processing XDC Constraints

Netlist sorting complete. Time (s): cpu = 00:00:00 ; elapsed = 00:00:00 . Memory (MB): peak = 3169.125 ; gain = 0.000 ; free physical = 3923 ; free virtual = 83866
INFO: [Project 1-111] Unisim Transformation Summary:
No Unisim elements were transformed.

Constraint Validation Runtime : Time (s): cpu = 00:00:00.04 ; elapsed = 00:00:00.04 . Memory (MB): peak = 3169.125 ; gain = 0.000 ; free physical = 3922 ; free virtual = 83865
INFO: [Designutils 20-5008] Incremental synthesis strategy off
INFO: [Synth 8-11241] undeclared symbol 'REGCCE', assumed default net type 'wire' [/opt/Xilinx/Vivado/2022.2/data/verilog/src/unimacro/BRAM_SINGLE_MACRO.v:2170]
---------------------------------------------------------------------------------
Finished Constraint Validation : Time (s): cpu = 00:00:13 ; elapsed = 00:00:14 . Memory (MB): peak = 3169.125 ; gain = 646.238 ; free physical = 3998 ; free virtual = 83943
Synthesis current peak Physical Memory [PSS] (MB): peak = 2322.591; parent = 2114.565; children = 208.025
Synthesis current peak Virtual Memory [VSS] (MB): peak = 4133.965; parent = 3137.113; children = 996.852
---------------------------------------------------------------------------------
---------------------------------------------------------------------------------
Start Loading Part and Timing Information
---------------------------------------------------------------------------------
Loading part: xc7vx485tffg1761-2
---------------------------------------------------------------------------------
Finished Loading Part and Timing Information : Time (s): cpu = 00:00:13 ; elapsed = 00:00:14 . Memory (MB): peak = 3169.125 ; gain = 646.238 ; free physical = 3998 ; free virtual = 83943
Synthesis current peak Physical Memory [PSS] (MB): peak = 2322.591; parent = 2114.565; children = 208.025
Synthesis current peak Virtual Memory [VSS] (MB): peak = 4133.965; parent = 3137.113; children = 996.852
---------------------------------------------------------------------------------
---------------------------------------------------------------------------------
Start Applying 'set_property' XDC Constraints
---------------------------------------------------------------------------------
---------------------------------------------------------------------------------
Finished applying 'set_property' XDC Constraints : Time (s): cpu = 00:00:13 ; elapsed = 00:00:14 . Memory (MB): peak = 3169.125 ; gain = 646.238 ; free physical = 3997 ; free virtual = 83943
Synthesis current peak Physical Memory [PSS] (MB): peak = 2322.591; parent = 2114.565; children = 208.025
Synthesis current peak Virtual Memory [VSS] (MB): peak = 4133.965; parent = 3137.113; children = 996.852
---------------------------------------------------------------------------------
---------------------------------------------------------------------------------
Finished RTL Optimization Phase 2 : Time (s): cpu = 00:00:14 ; elapsed = 00:00:15 . Memory (MB): peak = 3169.125 ; gain = 646.238 ; free physical = 3984 ; free virtual = 83931
Synthesis current peak Physical Memory [PSS] (MB): peak = 2322.591; parent = 2114.565; children = 208.025
Synthesis current peak Virtual Memory [VSS] (MB): peak = 4133.965; parent = 3137.113; children = 996.852
---------------------------------------------------------------------------------
---------------------------------------------------------------------------------
Start RTL Component Statistics 
---------------------------------------------------------------------------------
Detailed RTL Component Info : 
+---Adders : 
	   2 Input    6 Bit       Adders := 1     
	   2 Input    4 Bit       Adders := 2     
	   2 Input    2 Bit       Adders := 3     
+---Registers : 
	              156 Bit    Registers := 3     
	              128 Bit    Registers := 3     
	               20 Bit    Registers := 1     
	               16 Bit    Registers := 32    
	               15 Bit    Registers := 1     
	               14 Bit    Registers := 1     
	               12 Bit    Registers := 1     
	                7 Bit    Registers := 1     
	                6 Bit    Registers := 1     
	                5 Bit    Registers := 1     
	                4 Bit    Registers := 4     
	                3 Bit    Registers := 3     
	                2 Bit    Registers := 4     
	                1 Bit    Registers := 21    
+---Muxes : 
	   2 Input   16 Bit        Muxes := 4     
	   4 Input   15 Bit        Muxes := 1     
	   4 Input   14 Bit        Muxes := 1     
	   2 Input    1 Bit        Muxes := 11    
---------------------------------------------------------------------------------
Finished RTL Component Statistics 
---------------------------------------------------------------------------------
---------------------------------------------------------------------------------
Start Part Resource Summary
---------------------------------------------------------------------------------
Part Resources:
DSPs: 2800 (col length:140)
BRAMs: 2060 (col length: RAMB18 140 RAMB36 70)
---------------------------------------------------------------------------------
Finished Part Resource Summary
---------------------------------------------------------------------------------
---------------------------------------------------------------------------------
Start Cross Boundary and Area Optimization
---------------------------------------------------------------------------------
WARNING: [Synth 8-7080] Parallel synthesis criteria is not met
---------------------------------------------------------------------------------
Finished Cross Boundary and Area Optimization : Time (s): cpu = 00:00:18 ; elapsed = 00:00:19 . Memory (MB): peak = 3169.125 ; gain = 646.238 ; free physical = 3962 ; free virtual = 83923
Synthesis current peak Physical Memory [PSS] (MB): peak = 2322.591; parent = 2114.565; children = 208.025
Synthesis current peak Virtual Memory [VSS] (MB): peak = 4133.965; parent = 3137.113; children = 996.852
---------------------------------------------------------------------------------
---------------------------------------------------------------------------------
Start Applying XDC Timing Constraints
---------------------------------------------------------------------------------
---------------------------------------------------------------------------------
Finished Applying XDC Timing Constraints : Time (s): cpu = 00:00:22 ; elapsed = 00:00:23 . Memory (MB): peak = 3169.125 ; gain = 646.238 ; free physical = 3856 ; free virtual = 83817
Synthesis current peak Physical Memory [PSS] (MB): peak = 2429.854; parent = 2222.250; children = 208.025
Synthesis current peak Virtual Memory [VSS] (MB): peak = 4133.965; parent = 3137.113; children = 996.852
---------------------------------------------------------------------------------
---------------------------------------------------------------------------------
Start Timing Optimization
---------------------------------------------------------------------------------
---------------------------------------------------------------------------------
Finished Timing Optimization : Time (s): cpu = 00:00:22 ; elapsed = 00:00:23 . Memory (MB): peak = 3169.125 ; gain = 646.238 ; free physical = 3855 ; free virtual = 83816
Synthesis current peak Physical Memory [PSS] (MB): peak = 2430.705; parent = 2223.102; children = 208.025
Synthesis current peak Virtual Memory [VSS] (MB): peak = 4133.965; parent = 3137.113; children = 996.852
---------------------------------------------------------------------------------
---------------------------------------------------------------------------------
Start Technology Mapping
---------------------------------------------------------------------------------
---------------------------------------------------------------------------------
Finished Technology Mapping : Time (s): cpu = 00:00:23 ; elapsed = 00:00:24 . Memory (MB): peak = 3169.125 ; gain = 646.238 ; free physical = 3842 ; free virtual = 83804
Synthesis current peak Physical Memory [PSS] (MB): peak = 2433.141; parent = 2225.537; children = 208.025
Synthesis current peak Virtual Memory [VSS] (MB): peak = 4133.965; parent = 3137.113; children = 996.852
---------------------------------------------------------------------------------
---------------------------------------------------------------------------------
Start IO Insertion
---------------------------------------------------------------------------------
---------------------------------------------------------------------------------
Start Flattening Before IO Insertion
---------------------------------------------------------------------------------
---------------------------------------------------------------------------------
Finished Flattening Before IO Insertion
---------------------------------------------------------------------------------
---------------------------------------------------------------------------------
Start Final Netlist Cleanup
---------------------------------------------------------------------------------
---------------------------------------------------------------------------------
Finished Final Netlist Cleanup
---------------------------------------------------------------------------------
WARNING: [Synth 8-3295] tying undriven pin inst:sl_iport0[36] to constant 0
WARNING: [Synth 8-3295] tying undriven pin inst:sl_iport0[35] to constant 0
WARNING: [Synth 8-3295] tying undriven pin inst:sl_iport0[34] to constant 0
WARNING: [Synth 8-3295] tying undriven pin inst:sl_iport0[33] to constant 0
WARNING: [Synth 8-3295] tying undriven pin inst:sl_iport0[32] to constant 0
WARNING: [Synth 8-3295] tying undriven pin inst:sl_iport0[31] to constant 0
WARNING: [Synth 8-3295] tying undriven pin inst:sl_iport0[30] to constant 0
WARNING: [Synth 8-3295] tying undriven pin inst:sl_iport0[29] to constant 0
WARNING: [Synth 8-3295] tying undriven pin inst:sl_iport0[28] to constant 0
WARNING: [Synth 8-3295] tying undriven pin inst:sl_iport0[27] to constant 0
WARNING: [Synth 8-3295] tying undriven pin inst:sl_iport0[26] to constant 0
WARNING: [Synth 8-3295] tying undriven pin inst:sl_iport0[25] to constant 0
WARNING: [Synth 8-3295] tying undriven pin inst:sl_iport0[24] to constant 0
WARNING: [Synth 8-3295] tying undriven pin inst:sl_iport0[23] to constant 0
WARNING: [Synth 8-3295] tying undriven pin inst:sl_iport0[22] to constant 0
WARNING: [Synth 8-3295] tying undriven pin inst:sl_iport0[21] to constant 0
WARNING: [Synth 8-3295] tying undriven pin inst:sl_iport0[20] to constant 0
WARNING: [Synth 8-3295] tying undriven pin inst:sl_iport0[19] to constant 0
WARNING: [Synth 8-3295] tying undriven pin inst:sl_iport0[18] to constant 0
WARNING: [Synth 8-3295] tying undriven pin inst:sl_iport0[17] to constant 0
WARNING: [Synth 8-3295] tying undriven pin inst:sl_iport0[16] to constant 0
WARNING: [Synth 8-3295] tying undriven pin inst:sl_iport0[15] to constant 0
WARNING: [Synth 8-3295] tying undriven pin inst:sl_iport0[14] to constant 0
WARNING: [Synth 8-3295] tying undriven pin inst:sl_iport0[13] to constant 0
WARNING: [Synth 8-3295] tying undriven pin inst:sl_iport0[12] to constant 0
WARNING: [Synth 8-3295] tying undriven pin inst:sl_iport0[11] to constant 0
WARNING: [Synth 8-3295] tying undriven pin inst:sl_iport0[10] to constant 0
WARNING: [Synth 8-3295] tying undriven pin inst:sl_iport0[9] to constant 0
WARNING: [Synth 8-3295] tying undriven pin inst:sl_iport0[8] to constant 0
WARNING: [Synth 8-3295] tying undriven pin inst:sl_iport0[7] to constant 0
WARNING: [Synth 8-3295] tying undriven pin inst:sl_iport0[6] to constant 0
WARNING: [Synth 8-3295] tying undriven pin inst:sl_iport0[5] to constant 0
WARNING: [Synth 8-3295] tying undriven pin inst:sl_iport0[4] to constant 0
WARNING: [Synth 8-3295] tying undriven pin inst:sl_iport0[3] to constant 0
WARNING: [Synth 8-3295] tying undriven pin inst:sl_iport0[2] to constant 0
WARNING: [Synth 8-3295] tying undriven pin inst:sl_iport0[1] to constant 0
WARNING: [Synth 8-3295] tying undriven pin inst:sl_iport0[0] to constant 0
---------------------------------------------------------------------------------
Finished IO Insertion : Time (s): cpu = 00:00:26 ; elapsed = 00:00:27 . Memory (MB): peak = 3169.125 ; gain = 646.238 ; free physical = 3845 ; free virtual = 83805
Synthesis current peak Physical Memory [PSS] (MB): peak = 2433.141; parent = 2225.537; children = 208.025
Synthesis current peak Virtual Memory [VSS] (MB): peak = 4133.965; parent = 3137.113; children = 996.852
---------------------------------------------------------------------------------
---------------------------------------------------------------------------------
Start Renaming Generated Instances
---------------------------------------------------------------------------------
---------------------------------------------------------------------------------
Finished Renaming Generated Instances : Time (s): cpu = 00:00:26 ; elapsed = 00:00:27 . Memory (MB): peak = 3169.125 ; gain = 646.238 ; free physical = 3845 ; free virtual = 83804
Synthesis current peak Physical Memory [PSS] (MB): peak = 2433.141; parent = 2225.537; children = 208.025
Synthesis current peak Virtual Memory [VSS] (MB): peak = 4133.965; parent = 3137.113; children = 996.852
---------------------------------------------------------------------------------
---------------------------------------------------------------------------------
Start Rebuilding User Hierarchy
---------------------------------------------------------------------------------
---------------------------------------------------------------------------------
Finished Rebuilding User Hierarchy : Time (s): cpu = 00:00:26 ; elapsed = 00:00:27 . Memory (MB): peak = 3169.125 ; gain = 646.238 ; free physical = 3845 ; free virtual = 83805
Synthesis current peak Physical Memory [PSS] (MB): peak = 2433.182; parent = 2225.578; children = 208.025
Synthesis current peak Virtual Memory [VSS] (MB): peak = 4133.965; parent = 3137.113; children = 996.852
---------------------------------------------------------------------------------
---------------------------------------------------------------------------------
Start Renaming Generated Ports
---------------------------------------------------------------------------------
---------------------------------------------------------------------------------
Finished Renaming Generated Ports : Time (s): cpu = 00:00:26 ; elapsed = 00:00:27 . Memory (MB): peak = 3169.125 ; gain = 646.238 ; free physical = 3844 ; free virtual = 83804
Synthesis current peak Physical Memory [PSS] (MB): peak = 2433.182; parent = 2225.578; children = 208.025
Synthesis current peak Virtual Memory [VSS] (MB): peak = 4133.965; parent = 3137.113; children = 996.852
---------------------------------------------------------------------------------
---------------------------------------------------------------------------------
Start Handling Custom Attributes
---------------------------------------------------------------------------------
---------------------------------------------------------------------------------
Finished Handling Custom Attributes : Time (s): cpu = 00:00:26 ; elapsed = 00:00:27 . Memory (MB): peak = 3169.125 ; gain = 646.238 ; free physical = 3844 ; free virtual = 83804
Synthesis current peak Physical Memory [PSS] (MB): peak = 2433.182; parent = 2225.578; children = 208.025
Synthesis current peak Virtual Memory [VSS] (MB): peak = 4133.965; parent = 3137.113; children = 996.852
---------------------------------------------------------------------------------
---------------------------------------------------------------------------------
Start Renaming Generated Nets
---------------------------------------------------------------------------------
---------------------------------------------------------------------------------
Finished Renaming Generated Nets : Time (s): cpu = 00:00:26 ; elapsed = 00:00:28 . Memory (MB): peak = 3169.125 ; gain = 646.238 ; free physical = 3844 ; free virtual = 83803
Synthesis current peak Physical Memory [PSS] (MB): peak = 2433.186; parent = 2225.582; children = 208.025
Synthesis current peak Virtual Memory [VSS] (MB): peak = 4133.965; parent = 3137.113; children = 996.852
---------------------------------------------------------------------------------
---------------------------------------------------------------------------------
Start Writing Synthesis Report
---------------------------------------------------------------------------------

Report BlackBoxes: 
+-+--------------+----------+
| |BlackBox name |Instances |
+-+--------------+----------+
+-+--------------+----------+

Report Cell Usage: 
+------+------+------+
|      |Cell  |Count |
+------+------+------+
|1     |LUT1  |     4|
|2     |LUT2  |    19|
|3     |LUT3  |    52|
|4     |LUT4  |   350|
|5     |LUT5  |    26|
|6     |LUT6  |   332|
|7     |MUXF7 |    46|
|8     |FDRE  |  1739|
+------+------+------+
---------------------------------------------------------------------------------
Finished Writing Synthesis Report : Time (s): cpu = 00:00:26 ; elapsed = 00:00:28 . Memory (MB): peak = 3169.125 ; gain = 646.238 ; free physical = 3844 ; free virtual = 83805
Synthesis current peak Physical Memory [PSS] (MB): peak = 2433.186; parent = 2225.582; children = 208.025
Synthesis current peak Virtual Memory [VSS] (MB): peak = 4133.965; parent = 3137.113; children = 996.852
---------------------------------------------------------------------------------
Synthesis finished with 0 errors, 0 critical warnings and 288 warnings.
Synthesis Optimization Runtime : Time (s): cpu = 00:00:22 ; elapsed = 00:00:24 . Memory (MB): peak = 3169.125 ; gain = 481.520 ; free physical = 3898 ; free virtual = 83859
Synthesis Optimization Complete : Time (s): cpu = 00:00:26 ; elapsed = 00:00:28 . Memory (MB): peak = 3169.125 ; gain = 646.238 ; free physical = 3898 ; free virtual = 83859
INFO: [Project 1-571] Translating synthesized netlist
Netlist sorting complete. Time (s): cpu = 00:00:00.02 ; elapsed = 00:00:00.02 . Memory (MB): peak = 3169.125 ; gain = 0.000 ; free physical = 4003 ; free virtual = 83964
INFO: [Netlist 29-17] Analyzing 46 Unisim elements for replacement
INFO: [Netlist 29-28] Unisim Transformation completed in 0 CPU seconds
INFO: [Project 1-570] Preparing netlist for logic optimization
INFO: [Opt 31-138] Pushed 0 inverter(s) to 0 load pin(s).
Netlist sorting complete. Time (s): cpu = 00:00:00 ; elapsed = 00:00:00 . Memory (MB): peak = 3169.125 ; gain = 0.000 ; free physical = 3947 ; free virtual = 83909
INFO: [Project 1-111] Unisim Transformation Summary:
No Unisim elements were transformed.

Synth Design complete, checksum: c089a34f
INFO: [Common 17-83] Releasing license: Synthesis
22 Infos, 140 Warnings, 0 Critical Warnings and 0 Errors encountered.
synth_design completed successfully
synth_design: Time (s): cpu = 00:00:38 ; elapsed = 00:00:38 . Memory (MB): peak = 3169.125 ; gain = 1127.492 ; free physical = 4159 ; free virtual = 84120
INFO: [Common 17-1381] The checkpoint '/home/binhkieudo/Workspace/RVSecNoC/neorv32_verilog/cp_distributor/cp_distributor/cp_distributor.runs/vio_0_synth_1/vio_0.dcp' has been generated.
INFO: [Coretcl 2-1648] Added synthesis output to IP cache for IP vio_0, cache-ID = cea5cfbdf6ed65a9
INFO: [Coretcl 2-1174] Renamed 14 cell refs.
INFO: [Common 17-1381] The checkpoint '/home/binhkieudo/Workspace/RVSecNoC/neorv32_verilog/cp_distributor/cp_distributor/cp_distributor.runs/vio_0_synth_1/vio_0.dcp' has been generated.
INFO: [runtcl-4] Executing : report_utilization -file vio_0_utilization_synth.rpt -pb vio_0_utilization_synth.pb
INFO: [Common 17-206] Exiting Vivado at Wed Nov 15 03:28:02 2023...
