
*** Running vivado
    with args -log top.vds -m64 -product Vivado -mode batch -messageDb vivado.pb -notrace -source top.tcl


****** Vivado v2022.2 (64-bit)
  **** SW Build 3671981 on Fri Oct 14 04:59:54 MDT 2022
  **** IP Build 3669848 on Fri Oct 14 08:30:02 MDT 2022
    ** Copyright 1986-2022 Xilinx, Inc. All Rights Reserved.

source top.tcl -notrace
Command: read_checkpoint -auto_incremental -incremental /home/binhkieudo/Workspace/RVSecNoC/neorv32_verilog/cp_distributor/cp_distributor/cp_distributor.srcs/utils_1/imports/synth_1/distributor.dcp
INFO: [Vivado 12-5825] Read reference checkpoint from /home/binhkieudo/Workspace/RVSecNoC/neorv32_verilog/cp_distributor/cp_distributor/cp_distributor.srcs/utils_1/imports/synth_1/distributor.dcp for incremental synthesis
INFO: [Vivado 12-7989] Please ensure there are no constraint changes
Command: synth_design -top top -part xc7vx485tffg1761-2
Starting synth_design
Attempting to get a license for feature 'Synthesis' and/or device 'xc7vx485t'
INFO: [Common 17-349] Got license for feature 'Synthesis' and/or device 'xc7vx485t'
INFO: [Vivado_Tcl 4-1810] synth_design options have changed between reference and incremental; A full resynthesis will be run
INFO: [Device 21-403] Loading part xc7vx485tffg1761-2
INFO: [Synth 8-7079] Multithreading enabled for synth_design using a maximum of 4 processes.
INFO: [Synth 8-7078] Launching helper process for spawning children vivado processes
INFO: [Synth 8-7075] Helper process launched with PID 139461
INFO: [Synth 8-11241] undeclared symbol 'REGCCE', assumed default net type 'wire' [/opt/Xilinx/Vivado/2022.2/data/verilog/src/unimacro/BRAM_SINGLE_MACRO.v:2170]
---------------------------------------------------------------------------------
Starting RTL Elaboration : Time (s): cpu = 00:00:03 ; elapsed = 00:00:03 . Memory (MB): peak = 2900.535 ; gain = 377.770 ; free physical = 4069 ; free virtual = 83992
Synthesis current peak Physical Memory [PSS] (MB): peak = 2322.846; parent = 2113.370; children = 209.476
Synthesis current peak Virtual Memory [VSS] (MB): peak = 3903.398; parent = 2900.539; children = 1002.859
---------------------------------------------------------------------------------
INFO: [Synth 8-6157] synthesizing module 'top' [/home/binhkieudo/Workspace/RVSecNoC/neorv32_verilog/cp_distributor/cp_distributor/cp_distributor.srcs/sources_1/new/top.v:23]
INFO: [Synth 8-6157] synthesizing module 'rv32_cp_arbtr' [/home/binhkieudo/Workspace/RVSecNoC/neorv32_verilog/cp_distributor/cp_distributor/cp_distributor.srcs/sources_1/new/rv32_cp_arbtr.v:23]
INFO: [Synth 8-6155] done synthesizing module 'rv32_cp_arbtr' (0#1) [/home/binhkieudo/Workspace/RVSecNoC/neorv32_verilog/cp_distributor/cp_distributor/cp_distributor.srcs/sources_1/new/rv32_cp_arbtr.v:23]
INFO: [Synth 8-6157] synthesizing module 'vio_0' [/home/binhkieudo/Workspace/RVSecNoC/neorv32_verilog/cp_distributor/cp_distributor/cp_distributor.runs/synth_1/.Xil/Vivado-139428-binhkieudo-hotswap/realtime/vio_0_stub.v:5]
INFO: [Synth 8-6155] done synthesizing module 'vio_0' (0#1) [/home/binhkieudo/Workspace/RVSecNoC/neorv32_verilog/cp_distributor/cp_distributor/cp_distributor.runs/synth_1/.Xil/Vivado-139428-binhkieudo-hotswap/realtime/vio_0_stub.v:5]
INFO: [Synth 8-6155] done synthesizing module 'top' (0#1) [/home/binhkieudo/Workspace/RVSecNoC/neorv32_verilog/cp_distributor/cp_distributor/cp_distributor.srcs/sources_1/new/top.v:23]
INFO: [Synth 8-6071] Mark debug on the nets applies keep_hierarchy on instance 'vio_0'. This will prevent further optimization [/home/binhkieudo/Workspace/RVSecNoC/neorv32_verilog/cp_distributor/cp_distributor/cp_distributor.srcs/sources_1/new/top.v:67]
INFO: [Synth 8-6071] Mark debug on the nets applies keep_hierarchy on instance 'u0'. This will prevent further optimization [/home/binhkieudo/Workspace/RVSecNoC/neorv32_verilog/cp_distributor/cp_distributor/cp_distributor.srcs/sources_1/new/top.v:49]
---------------------------------------------------------------------------------
Finished RTL Elaboration : Time (s): cpu = 00:00:05 ; elapsed = 00:00:05 . Memory (MB): peak = 2967.504 ; gain = 444.738 ; free physical = 4152 ; free virtual = 84076
Synthesis current peak Physical Memory [PSS] (MB): peak = 2322.846; parent = 2113.370; children = 209.476
Synthesis current peak Virtual Memory [VSS] (MB): peak = 3970.367; parent = 2967.508; children = 1002.859
---------------------------------------------------------------------------------
---------------------------------------------------------------------------------
Start Handling Custom Attributes
---------------------------------------------------------------------------------
---------------------------------------------------------------------------------
Finished Handling Custom Attributes : Time (s): cpu = 00:00:05 ; elapsed = 00:00:05 . Memory (MB): peak = 2985.316 ; gain = 462.551 ; free physical = 4151 ; free virtual = 84075
Synthesis current peak Physical Memory [PSS] (MB): peak = 2322.846; parent = 2113.370; children = 209.476
Synthesis current peak Virtual Memory [VSS] (MB): peak = 3988.180; parent = 2985.320; children = 1002.859
---------------------------------------------------------------------------------
---------------------------------------------------------------------------------
Finished RTL Optimization Phase 1 : Time (s): cpu = 00:00:05 ; elapsed = 00:00:05 . Memory (MB): peak = 2985.316 ; gain = 462.551 ; free physical = 4151 ; free virtual = 84075
Synthesis current peak Physical Memory [PSS] (MB): peak = 2322.846; parent = 2113.370; children = 209.476
Synthesis current peak Virtual Memory [VSS] (MB): peak = 3988.180; parent = 2985.320; children = 1002.859
---------------------------------------------------------------------------------
Netlist sorting complete. Time (s): cpu = 00:00:00 ; elapsed = 00:00:00.01 . Memory (MB): peak = 2985.316 ; gain = 0.000 ; free physical = 4148 ; free virtual = 84072
INFO: [Project 1-570] Preparing netlist for logic optimization

Processing XDC Constraints
Initializing timing engine
Parsing XDC File [/home/binhkieudo/Workspace/RVSecNoC/neorv32_verilog/cp_distributor/cp_distributor/cp_distributor.gen/sources_1/ip/vio_0/vio_0/vio_0_in_context.xdc] for cell 'vio_0'
Finished Parsing XDC File [/home/binhkieudo/Workspace/RVSecNoC/neorv32_verilog/cp_distributor/cp_distributor/cp_distributor.gen/sources_1/ip/vio_0/vio_0/vio_0_in_context.xdc] for cell 'vio_0'
Parsing XDC File [/home/binhkieudo/Workspace/RVSecNoC/neorv32_verilog/cp_distributor/cp_distributor/cp_distributor.srcs/constrs_1/new/vc707.xdc]
Finished Parsing XDC File [/home/binhkieudo/Workspace/RVSecNoC/neorv32_verilog/cp_distributor/cp_distributor/cp_distributor.srcs/constrs_1/new/vc707.xdc]
INFO: [Project 1-236] Implementation specific constraints were found while reading constraint file [/home/binhkieudo/Workspace/RVSecNoC/neorv32_verilog/cp_distributor/cp_distributor/cp_distributor.srcs/constrs_1/new/vc707.xdc]. These constraints will be ignored for synthesis but will be used in implementation. Impacted constraints are listed in the file [.Xil/top_propImpl.xdc].
Resolution: To avoid this warning, move constraints listed in [.Xil/top_propImpl.xdc] to another XDC file and exclude this new file from synthesis with the used_in_synthesis property (File Properties dialog in GUI) and re-run elaboration/synthesis.
Completed Processing XDC Constraints

Netlist sorting complete. Time (s): cpu = 00:00:00 ; elapsed = 00:00:00 . Memory (MB): peak = 3141.035 ; gain = 0.000 ; free physical = 4063 ; free virtual = 83983
INFO: [Project 1-111] Unisim Transformation Summary:
No Unisim elements were transformed.

Constraint Validation Runtime : Time (s): cpu = 00:00:00 ; elapsed = 00:00:00 . Memory (MB): peak = 3141.035 ; gain = 0.000 ; free physical = 4063 ; free virtual = 83983
WARNING: [Timing 38-316] Clock period '10.000' specified during out-of-context synthesis of instance 'vio_0' at clock pin 'clk' is different from the actual clock period '5.000', this can lead to different synthesis results.
INFO: [Synth 8-11241] undeclared symbol 'REGCCE', assumed default net type 'wire' [/opt/Xilinx/Vivado/2022.2/data/verilog/src/unimacro/BRAM_SINGLE_MACRO.v:2170]
---------------------------------------------------------------------------------
Finished Constraint Validation : Time (s): cpu = 00:00:12 ; elapsed = 00:00:12 . Memory (MB): peak = 3141.035 ; gain = 618.270 ; free physical = 4125 ; free virtual = 84045
Synthesis current peak Physical Memory [PSS] (MB): peak = 2324.777; parent = 2115.671; children = 209.476
Synthesis current peak Virtual Memory [VSS] (MB): peak = 4111.883; parent = 3109.023; children = 1002.859
---------------------------------------------------------------------------------
---------------------------------------------------------------------------------
Start Loading Part and Timing Information
---------------------------------------------------------------------------------
Loading part: xc7vx485tffg1761-2
---------------------------------------------------------------------------------
Finished Loading Part and Timing Information : Time (s): cpu = 00:00:12 ; elapsed = 00:00:12 . Memory (MB): peak = 3141.035 ; gain = 618.270 ; free physical = 4125 ; free virtual = 84045
Synthesis current peak Physical Memory [PSS] (MB): peak = 2324.777; parent = 2115.671; children = 209.476
Synthesis current peak Virtual Memory [VSS] (MB): peak = 4111.883; parent = 3109.023; children = 1002.859
---------------------------------------------------------------------------------
---------------------------------------------------------------------------------
Start Applying 'set_property' XDC Constraints
---------------------------------------------------------------------------------
Applied set_property KEEP_HIERARCHY = SOFT for vio_0. (constraint file  auto generated constraint).
---------------------------------------------------------------------------------
Finished applying 'set_property' XDC Constraints : Time (s): cpu = 00:00:12 ; elapsed = 00:00:12 . Memory (MB): peak = 3141.035 ; gain = 618.270 ; free physical = 4125 ; free virtual = 84045
Synthesis current peak Physical Memory [PSS] (MB): peak = 2324.777; parent = 2115.671; children = 209.476
Synthesis current peak Virtual Memory [VSS] (MB): peak = 4111.883; parent = 3109.023; children = 1002.859
---------------------------------------------------------------------------------
---------------------------------------------------------------------------------
Start Preparing Guide Design
---------------------------------------------------------------------------------
---------------------------------------------------------------------------------
Finished Doing Graph Differ : Time (s): cpu = 00:00:12 ; elapsed = 00:00:13 . Memory (MB): peak = 3141.035 ; gain = 618.270 ; free physical = 4123 ; free virtual = 84044
Synthesis current peak Physical Memory [PSS] (MB): peak = 2324.777; parent = 2115.671; children = 209.476
Synthesis current peak Virtual Memory [VSS] (MB): peak = 4111.883; parent = 3109.023; children = 1002.859
---------------------------------------------------------------------------------
---------------------------------------------------------------------------------
Finished Preparing Guide Design : Time (s): cpu = 00:00:12 ; elapsed = 00:00:13 . Memory (MB): peak = 3141.035 ; gain = 618.270 ; free physical = 4119 ; free virtual = 84044
Synthesis current peak Physical Memory [PSS] (MB): peak = 2324.777; parent = 2115.671; children = 209.476
Synthesis current peak Virtual Memory [VSS] (MB): peak = 4111.883; parent = 3109.023; children = 1002.859
---------------------------------------------------------------------------------
---------------------------------------------------------------------------------
Finished RTL Optimization Phase 2 : Time (s): cpu = 00:00:12 ; elapsed = 00:00:13 . Memory (MB): peak = 3141.035 ; gain = 618.270 ; free physical = 4116 ; free virtual = 84042
Synthesis current peak Physical Memory [PSS] (MB): peak = 2324.777; parent = 2115.671; children = 209.476
Synthesis current peak Virtual Memory [VSS] (MB): peak = 4111.883; parent = 3109.023; children = 1002.859
---------------------------------------------------------------------------------


Incremental Synthesis Report Summary:

1. Incremental synthesis run: no

   Reason for not running incremental synthesis : synth_design options have changed between reference and incremental


INFO: [Synth 8-7130] Flow is switching to default flow due to incremental criteria not met. If you would like to alter this behaviour and have the flow terminate instead, please set the following parameter config_implementation {autoIncr.Synth.RejectBehavior Terminate}
---------------------------------------------------------------------------------
Start RTL Component Statistics 
---------------------------------------------------------------------------------
Detailed RTL Component Info : 
+---Adders : 
	   2 Input    1 Bit       Adders := 1     
	   3 Input    1 Bit       Adders := 1     
	   4 Input    1 Bit       Adders := 1     
+---Registers : 
	               64 Bit    Registers := 2     
	               10 Bit    Registers := 1     
	                8 Bit    Registers := 1     
	                6 Bit    Registers := 1     
	                2 Bit    Registers := 2     
+---Muxes : 
	   2 Input    2 Bit        Muxes := 2     
---------------------------------------------------------------------------------
Finished RTL Component Statistics 
---------------------------------------------------------------------------------
---------------------------------------------------------------------------------
Start Part Resource Summary
---------------------------------------------------------------------------------
Part Resources:
DSPs: 2800 (col length:140)
BRAMs: 2060 (col length: RAMB18 140 RAMB36 70)
---------------------------------------------------------------------------------
Finished Part Resource Summary
---------------------------------------------------------------------------------
---------------------------------------------------------------------------------
Start Cross Boundary and Area Optimization
---------------------------------------------------------------------------------
WARNING: [Synth 8-7080] Parallel synthesis criteria is not met
---------------------------------------------------------------------------------
Finished Cross Boundary and Area Optimization : Time (s): cpu = 00:00:14 ; elapsed = 00:00:15 . Memory (MB): peak = 3141.035 ; gain = 618.270 ; free physical = 4087 ; free virtual = 84017
Synthesis current peak Physical Memory [PSS] (MB): peak = 2324.777; parent = 2115.671; children = 209.476
Synthesis current peak Virtual Memory [VSS] (MB): peak = 4111.883; parent = 3109.023; children = 1002.859
---------------------------------------------------------------------------------
---------------------------------------------------------------------------------
Start Applying XDC Timing Constraints
---------------------------------------------------------------------------------
---------------------------------------------------------------------------------
Finished Applying XDC Timing Constraints : Time (s): cpu = 00:00:18 ; elapsed = 00:00:19 . Memory (MB): peak = 3141.035 ; gain = 618.270 ; free physical = 3987 ; free virtual = 83917
Synthesis current peak Physical Memory [PSS] (MB): peak = 2423.512; parent = 2214.583; children = 209.476
Synthesis current peak Virtual Memory [VSS] (MB): peak = 4111.883; parent = 3109.023; children = 1002.859
---------------------------------------------------------------------------------
---------------------------------------------------------------------------------
Start Timing Optimization
---------------------------------------------------------------------------------
---------------------------------------------------------------------------------
Finished Timing Optimization : Time (s): cpu = 00:00:18 ; elapsed = 00:00:19 . Memory (MB): peak = 3141.035 ; gain = 618.270 ; free physical = 3987 ; free virtual = 83917
Synthesis current peak Physical Memory [PSS] (MB): peak = 2423.676; parent = 2214.747; children = 209.476
Synthesis current peak Virtual Memory [VSS] (MB): peak = 4111.883; parent = 3109.023; children = 1002.859
---------------------------------------------------------------------------------
---------------------------------------------------------------------------------
Start Technology Mapping
---------------------------------------------------------------------------------
---------------------------------------------------------------------------------
Finished Technology Mapping : Time (s): cpu = 00:00:18 ; elapsed = 00:00:19 . Memory (MB): peak = 3141.035 ; gain = 618.270 ; free physical = 3981 ; free virtual = 83911
Synthesis current peak Physical Memory [PSS] (MB): peak = 2425.496; parent = 2216.567; children = 209.476
Synthesis current peak Virtual Memory [VSS] (MB): peak = 4111.883; parent = 3109.023; children = 1002.859
---------------------------------------------------------------------------------
---------------------------------------------------------------------------------
Start IO Insertion
---------------------------------------------------------------------------------
---------------------------------------------------------------------------------
Start Flattening Before IO Insertion
---------------------------------------------------------------------------------
---------------------------------------------------------------------------------
Finished Flattening Before IO Insertion
---------------------------------------------------------------------------------
---------------------------------------------------------------------------------
Start Final Netlist Cleanup
---------------------------------------------------------------------------------
---------------------------------------------------------------------------------
Finished Final Netlist Cleanup
---------------------------------------------------------------------------------
---------------------------------------------------------------------------------
Finished IO Insertion : Time (s): cpu = 00:00:21 ; elapsed = 00:00:23 . Memory (MB): peak = 3141.035 ; gain = 618.270 ; free physical = 3974 ; free virtual = 83904
Synthesis current peak Physical Memory [PSS] (MB): peak = 2425.758; parent = 2216.829; children = 209.476
Synthesis current peak Virtual Memory [VSS] (MB): peak = 4111.883; parent = 3109.023; children = 1002.859
---------------------------------------------------------------------------------
---------------------------------------------------------------------------------
Start Renaming Generated Instances
---------------------------------------------------------------------------------
---------------------------------------------------------------------------------
Finished Renaming Generated Instances : Time (s): cpu = 00:00:21 ; elapsed = 00:00:23 . Memory (MB): peak = 3141.035 ; gain = 618.270 ; free physical = 3974 ; free virtual = 83904
Synthesis current peak Physical Memory [PSS] (MB): peak = 2425.773; parent = 2216.845; children = 209.476
Synthesis current peak Virtual Memory [VSS] (MB): peak = 4111.883; parent = 3109.023; children = 1002.859
---------------------------------------------------------------------------------
---------------------------------------------------------------------------------
Start Rebuilding User Hierarchy
---------------------------------------------------------------------------------
---------------------------------------------------------------------------------
Finished Rebuilding User Hierarchy : Time (s): cpu = 00:00:21 ; elapsed = 00:00:23 . Memory (MB): peak = 3141.035 ; gain = 618.270 ; free physical = 3974 ; free virtual = 83904
Synthesis current peak Physical Memory [PSS] (MB): peak = 2425.805; parent = 2216.876; children = 209.476
Synthesis current peak Virtual Memory [VSS] (MB): peak = 4111.883; parent = 3109.023; children = 1002.859
---------------------------------------------------------------------------------
---------------------------------------------------------------------------------
Start Renaming Generated Ports
---------------------------------------------------------------------------------
---------------------------------------------------------------------------------
Finished Renaming Generated Ports : Time (s): cpu = 00:00:21 ; elapsed = 00:00:23 . Memory (MB): peak = 3141.035 ; gain = 618.270 ; free physical = 3974 ; free virtual = 83904
Synthesis current peak Physical Memory [PSS] (MB): peak = 2425.805; parent = 2216.876; children = 209.476
Synthesis current peak Virtual Memory [VSS] (MB): peak = 4111.883; parent = 3109.023; children = 1002.859
---------------------------------------------------------------------------------
---------------------------------------------------------------------------------
Start Handling Custom Attributes
---------------------------------------------------------------------------------
---------------------------------------------------------------------------------
Finished Handling Custom Attributes : Time (s): cpu = 00:00:21 ; elapsed = 00:00:23 . Memory (MB): peak = 3141.035 ; gain = 618.270 ; free physical = 3974 ; free virtual = 83904
Synthesis current peak Physical Memory [PSS] (MB): peak = 2425.805; parent = 2216.876; children = 209.476
Synthesis current peak Virtual Memory [VSS] (MB): peak = 4111.883; parent = 3109.023; children = 1002.859
---------------------------------------------------------------------------------
---------------------------------------------------------------------------------
Start Renaming Generated Nets
---------------------------------------------------------------------------------
---------------------------------------------------------------------------------
Finished Renaming Generated Nets : Time (s): cpu = 00:00:21 ; elapsed = 00:00:23 . Memory (MB): peak = 3141.035 ; gain = 618.270 ; free physical = 3974 ; free virtual = 83904
Synthesis current peak Physical Memory [PSS] (MB): peak = 2425.820; parent = 2216.892; children = 209.476
Synthesis current peak Virtual Memory [VSS] (MB): peak = 4111.883; parent = 3109.023; children = 1002.859
---------------------------------------------------------------------------------
---------------------------------------------------------------------------------
Start Writing Synthesis Report
---------------------------------------------------------------------------------

Report BlackBoxes: 
+------+--------------+----------+
|      |BlackBox name |Instances |
+------+--------------+----------+
|1     |vio_0         |         1|
+------+--------------+----------+

Report Cell Usage: 
+------+-----+------+
|      |Cell |Count |
+------+-----+------+
|1     |vio  |     1|
|2     |BUFG |     1|
|3     |LUT2 |     2|
|4     |LUT3 |     2|
|5     |LUT4 |    75|
|6     |LUT5 |    77|
|7     |LUT6 |   146|
|8     |FDRE |   156|
|9     |IBUF |     1|
+------+-----+------+
---------------------------------------------------------------------------------
Finished Writing Synthesis Report : Time (s): cpu = 00:00:21 ; elapsed = 00:00:23 . Memory (MB): peak = 3141.035 ; gain = 618.270 ; free physical = 3974 ; free virtual = 83904
Synthesis current peak Physical Memory [PSS] (MB): peak = 2425.852; parent = 2216.923; children = 209.476
Synthesis current peak Virtual Memory [VSS] (MB): peak = 4111.883; parent = 3109.023; children = 1002.859
---------------------------------------------------------------------------------
Synthesis finished with 0 errors, 0 critical warnings and 1 warnings.
Synthesis Optimization Runtime : Time (s): cpu = 00:00:18 ; elapsed = 00:00:20 . Memory (MB): peak = 3141.035 ; gain = 462.551 ; free physical = 4029 ; free virtual = 83959
Synthesis Optimization Complete : Time (s): cpu = 00:00:21 ; elapsed = 00:00:23 . Memory (MB): peak = 3141.035 ; gain = 618.270 ; free physical = 4029 ; free virtual = 83959
INFO: [Project 1-571] Translating synthesized netlist
Netlist sorting complete. Time (s): cpu = 00:00:00 ; elapsed = 00:00:00 . Memory (MB): peak = 3141.035 ; gain = 0.000 ; free physical = 4135 ; free virtual = 84065
INFO: [Project 1-570] Preparing netlist for logic optimization
INFO: [Opt 31-138] Pushed 0 inverter(s) to 0 load pin(s).
Netlist sorting complete. Time (s): cpu = 00:00:00 ; elapsed = 00:00:00 . Memory (MB): peak = 3141.035 ; gain = 0.000 ; free physical = 4073 ; free virtual = 84003
INFO: [Project 1-111] Unisim Transformation Summary:
No Unisim elements were transformed.

Synth Design complete, checksum: 647f3cc2
INFO: [Common 17-83] Releasing license: Synthesis
27 Infos, 2 Warnings, 0 Critical Warnings and 0 Errors encountered.
synth_design completed successfully
synth_design: Time (s): cpu = 00:00:33 ; elapsed = 00:00:33 . Memory (MB): peak = 3141.035 ; gain = 1099.797 ; free physical = 4278 ; free virtual = 84208
INFO: [Common 17-1381] The checkpoint '/home/binhkieudo/Workspace/RVSecNoC/neorv32_verilog/cp_distributor/cp_distributor/cp_distributor.runs/synth_1/top.dcp' has been generated.
INFO: [runtcl-4] Executing : report_utilization -file top_utilization_synth.rpt -pb top_utilization_synth.pb
INFO: [Common 17-206] Exiting Vivado at Wed Nov 15 03:28:56 2023...
